
Tue Jun 30 13:21:08 BST 2009:- 

Tue Jun 30 13:21:08 BST 2009:- 

Tue Jun 30 13:23:26 BST 2009:- <?xml version="1.0" encoding="UTF-8"?>
<new-order-notification xmlns="http://checkout.google.com/schema/2" serial-number="628408070050630-00001-7">
  <timestamp>2009-06-30T12:23:19.541Z</timestamp>
  <shopping-cart>
    <merchant-private-data>
      <deepblue_basket_id>pm2o8ec7tl82ch01bijq0mq2e6</deepblue_basket_id>
      <deepblue_postage_method>1</deepblue_postage_method>
    </merchant-private-data>
    <items>
      <item>
        <item-name>BREATHING AIR STICKER</item-name>
        <item-description>Breathing Air sticker for your tank</item-description>
        <quantity>1</quantity>
        <unit-price currency="GBP">0.87</unit-price>
        <merchant-item-id>ACCSTICKER1</merchant-item-id>
      </item>
      <item>
        <item-name>BREATHING AIR STICKER</item-name>
        <item-description>Breathing Air sticker for your tank</item-description>
        <quantity>1</quantity>
        <unit-price currency="GBP">0.87</unit-price>
        <merchant-item-id>ACCSTICKER1</merchant-item-id>
      </item>
      <item>
        <item-name>BREATHING AIR STICKER</item-name>
        <item-description>Breathing Air sticker for your tank</item-description>
        <quantity>1</quantity>
        <unit-price currency="GBP">0.87</unit-price>
        <merchant-item-id>ACCSTICKER1</merchant-item-id>
      </item>
      <item>
        <item-name>BREATHING AIR STICKER</item-name>
        <item-description>Breathing Air sticker for your tank</item-description>
        <quantity>1</quantity>
        <unit-price currency="GBP">0.87</unit-price>
        <merchant-item-id>ACCSTICKER1</merchant-item-id>
      </item>
      <item>
        <item-name>DRY SUIT POWDER</item-name>
        <item-description>Suit Eeze allows you to slide in and out of your Wet or Dry suit with ease.</item-description>
        <quantity>1</quantity>
        <unit-price currency="GBP">1.3</unit-price>
        <merchant-item-id>ACCDRYTALK</merchant-item-id>
      </item>
      <item>
        <item-name>Mares Lirica Mask and Snorkel Package</item-name>
        <item-description>Innovative in form, revolutionary in vision. The rounded corners and colored inserts of the frame give Lirica a fresh, sparkling, quintessentially modern look.</item-description>
        <quantity>1</quantity>
        <unit-price currency="GBP">26.04</unit-price>
        <merchant-item-id>63</merchant-item-id>
      </item>
    </items>
  </shopping-cart>
  <order-adjustment>
    <merchant-codes />
    <shipping>
      <flat-rate-shipping-adjustment>
        <shipping-name>Royal Mail Second Class</shipping-name>
        <shipping-cost currency="GBP">1.95</shipping-cost>
      </flat-rate-shipping-adjustment>
    </shipping>
    <total-tax currency="GBP">4.63</total-tax>
    <adjustment-total currency="GBP">6.58</adjustment-total>
  </order-adjustment>
  <buyer-id>374424089752882</buyer-id>
  <google-order-number>628408070050630</google-order-number>
  <buyer-shipping-address>
    <company-name></company-name>
    <contact-name>Dave h</contact-name>
    <email>dave@deepbluedive.com</email>
    <phone></phone>
    <fax></fax>
    <address1>scascac</address1>
    <address2>csacas</address2>
    <country-code>GB</country-code>
    <city>scasac</city>
    <region>CSACAS</region>
    <postal-code>NE26 2JW</postal-code>
  </buyer-shipping-address>
  <buyer-billing-address>
    <company-name></company-name>
    <contact-name>Dave h</contact-name>
    <email>dave@deepbluedive.com</email>
    <phone></phone>
    <fax></fax>
    <address1>scascac</address1>
    <address2>csacas</address2>
    <country-code>GB</country-code>
    <city>scasac</city>
    <region>CSACAS</region>
    <postal-code>NE26 2JW</postal-code>
  </buyer-billing-address>
  <buyer-marketing-preferences>
    <email-allowed>true</email-allowed>
  </buyer-marketing-preferences>
  <order-total currency="GBP">37.4</order-total>
  <fulfillment-order-state>NEW</fulfillment-order-state>
  <financial-order-state>REVIEWING</financial-order-state>
</new-order-notification>



Tue Jun 30 13:23:26 BST 2009:- <?xml version="1.0" encoding="UTF-8"?>
<new-order-notification xmlns="http://checkout.google.com/schema/2" serial-number="628408070050630-00001-7">
  <timestamp>2009-06-30T12:23:19.541Z</timestamp>
  <shopping-cart>
    <merchant-private-data>
      <deepblue_basket_id>pm2o8ec7tl82ch01bijq0mq2e6</deepblue_basket_id>
      <deepblue_postage_method>1</deepblue_postage_method>
    </merchant-private-data>
    <items>
      <item>
        <item-name>BREATHING AIR STICKER</item-name>
        <item-description>Breathing Air sticker for your tank</item-description>
        <quantity>1</quantity>
        <unit-price currency="GBP">0.87</unit-price>
        <merchant-item-id>ACCSTICKER1</merchant-item-id>
      </item>
      <item>
        <item-name>BREATHING AIR STICKER</item-name>
        <item-description>Breathing Air sticker for your tank</item-description>
        <quantity>1</quantity>
        <unit-price currency="GBP">0.87</unit-price>
        <merchant-item-id>ACCSTICKER1</merchant-item-id>
      </item>
      <item>
        <item-name>BREATHING AIR STICKER</item-name>
        <item-description>Breathing Air sticker for your tank</item-description>
        <quantity>1</quantity>
        <unit-price currency="GBP">0.87</unit-price>
        <merchant-item-id>ACCSTICKER1</merchant-item-id>
      </item>
      <item>
        <item-name>BREATHING AIR STICKER</item-name>
        <item-description>Breathing Air sticker for your tank</item-description>
        <quantity>1</quantity>
        <unit-price currency="GBP">0.87</unit-price>
        <merchant-item-id>ACCSTICKER1</merchant-item-id>
      </item>
      <item>
        <item-name>DRY SUIT POWDER</item-name>
        <item-description>Suit Eeze allows you to slide in and out of your Wet or Dry suit with ease.</item-description>
        <quantity>1</quantity>
        <unit-price currency="GBP">1.3</unit-price>
        <merchant-item-id>ACCDRYTALK</merchant-item-id>
      </item>
      <item>
        <item-name>Mares Lirica Mask and Snorkel Package</item-name>
        <item-description>Innovative in form, revolutionary in vision. The rounded corners and colored inserts of the frame give Lirica a fresh, sparkling, quintessentially modern look.</item-description>
        <quantity>1</quantity>
        <unit-price currency="GBP">26.04</unit-price>
        <merchant-item-id>63</merchant-item-id>
      </item>
    </items>
  </shopping-cart>
  <order-adjustment>
    <merchant-codes />
    <shipping>
      <flat-rate-shipping-adjustment>
        <shipping-name>Royal Mail Second Class</shipping-name>
        <shipping-cost currency="GBP">1.95</shipping-cost>
      </flat-rate-shipping-adjustment>
    </shipping>
    <total-tax currency="GBP">4.63</total-tax>
    <adjustment-total currency="GBP">6.58</adjustment-total>
  </order-adjustment>
  <buyer-id>374424089752882</buyer-id>
  <google-order-number>628408070050630</google-order-number>
  <buyer-shipping-address>
    <company-name></company-name>
    <contact-name>Dave h</contact-name>
    <email>dave@deepbluedive.com</email>
    <phone></phone>
    <fax></fax>
    <address1>scascac</address1>
    <address2>csacas</address2>
    <country-code>GB</country-code>
    <city>scasac</city>
    <region>CSACAS</region>
    <postal-code>NE26 2JW</postal-code>
  </buyer-shipping-address>
  <buyer-billing-address>
    <company-name></company-name>
    <contact-name>Dave h</contact-name>
    <email>dave@deepbluedive.com</email>
    <phone></phone>
    <fax></fax>
    <address1>scascac</address1>
    <address2>csacas</address2>
    <country-code>GB</country-code>
    <city>scasac</city>
    <region>CSACAS</region>
    <postal-code>NE26 2JW</postal-code>
  </buyer-billing-address>
  <buyer-marketing-preferences>
    <email-allowed>true</email-allowed>
  </buyer-marketing-preferences>
  <order-total currency="GBP">37.4</order-total>
  <fulfillment-order-state>NEW</fulfillment-order-state>
  <financial-order-state>REVIEWING</financial-order-state>
</new-order-notification>



Tue Jun 30 13:23:26 BST 2009:- <?xml version="1.0" encoding="UTF-8"?><notification-acknowledgment xmlns="http://checkout.google.com/schema/2"/>

Tue Jun 30 13:24:32 BST 2009:- <?xml version="1.0" encoding="UTF-8"?>
<order-state-change-notification xmlns="http://checkout.google.com/schema/2" serial-number="628408070050630-00005-1">
  <new-fulfillment-order-state>NEW</new-fulfillment-order-state>
  <new-financial-order-state>CHARGEABLE</new-financial-order-state>
  <previous-fulfillment-order-state>NEW</previous-fulfillment-order-state>
  <previous-financial-order-state>REVIEWING</previous-financial-order-state>
  <timestamp>2009-06-30T12:24:25.235Z</timestamp>
  <google-order-number>628408070050630</google-order-number>
</order-state-change-notification>



Tue Jun 30 13:24:32 BST 2009:- <?xml version="1.0" encoding="UTF-8"?>
<order-state-change-notification xmlns="http://checkout.google.com/schema/2" serial-number="628408070050630-00005-1">
  <new-fulfillment-order-state>NEW</new-fulfillment-order-state>
  <new-financial-order-state>CHARGEABLE</new-financial-order-state>
  <previous-fulfillment-order-state>NEW</previous-fulfillment-order-state>
  <previous-financial-order-state>REVIEWING</previous-financial-order-state>
  <timestamp>2009-06-30T12:24:25.235Z</timestamp>
  <google-order-number>628408070050630</google-order-number>
</order-state-change-notification>



Tue Jun 30 13:24:32 BST 2009:- <?xml version="1.0" encoding="UTF-8"?><notification-acknowledgment xmlns="http://checkout.google.com/schema/2"/>

Tue Jun 30 13:24:33 BST 2009:- <?xml version="1.0" encoding="UTF-8"?>
<risk-information-notification xmlns="http://checkout.google.com/schema/2" serial-number="628408070050630-00005-5">
  <timestamp>2009-06-30T12:24:25.235Z</timestamp>
  <google-order-number>628408070050630</google-order-number>
  <risk-information>
    <billing-address>
      <company-name></company-name>
      <contact-name>Dave h</contact-name>
      <email>dave@deepbluedive.com</email>
      <phone></phone>
      <fax></fax>
      <address1>scascac</address1>
      <address2>csacas</address2>
      <country-code>GB</country-code>
      <city>scasac</city>
      <region>CSACAS</region>
      <postal-code>NE26 2JW</postal-code>
    </billing-address>
    <ip-address>92.239.148.51</ip-address>
    <avs-response>Y</avs-response>
    <cvn-response>M</cvn-response>
    <eligible-for-protection>true</eligible-for-protection>
    <partial-cc-number>1111</partial-cc-number>
    <buyer-account-age>4</buyer-account-age>
  </risk-information>
</risk-information-notification>



Tue Jun 30 13:24:33 BST 2009:- <?xml version="1.0" encoding="UTF-8"?>
<risk-information-notification xmlns="http://checkout.google.com/schema/2" serial-number="628408070050630-00005-5">
  <timestamp>2009-06-30T12:24:25.235Z</timestamp>
  <google-order-number>628408070050630</google-order-number>
  <risk-information>
    <billing-address>
      <company-name></company-name>
      <contact-name>Dave h</contact-name>
      <email>dave@deepbluedive.com</email>
      <phone></phone>
      <fax></fax>
      <address1>scascac</address1>
      <address2>csacas</address2>
      <country-code>GB</country-code>
      <city>scasac</city>
      <region>CSACAS</region>
      <postal-code>NE26 2JW</postal-code>
    </billing-address>
    <ip-address>92.239.148.51</ip-address>
    <avs-response>Y</avs-response>
    <cvn-response>M</cvn-response>
    <eligible-for-protection>true</eligible-for-protection>
    <partial-cc-number>1111</partial-cc-number>
    <buyer-account-age>4</buyer-account-age>
  </risk-information>
</risk-information-notification>



Tue Jun 30 13:24:33 BST 2009:- <?xml version="1.0" encoding="UTF-8"?><notification-acknowledgment xmlns="http://checkout.google.com/schema/2"/>
